# JRE version: OpenJDK Runtime Environment (11.0.10) (build 11.0.10+0-b96-7249189)
# Java VM: OpenJDK 64-Bit Server VM (11.0.10+0-b96-7249189, mixed mode, tiered, compressed oops, g1 gc, windows-amd64)
Heap:
 garbage-first heap   total 131072K, used 20158K [0x0000000081600000, 0x0000000100000000)
  region size 1024K, 13 young (13312K), 2 survivors (2048K)
 Metaspace       used 16356K, capacity 16694K, committed 16768K, reserved 1064960K
  class space    used 1793K, capacity 1908K, committed 1920K, reserved 1048576K
GC Heap History (14 events):
Event: 0.775 GC heap before
{Heap before GC invocations=0 (full 0):
 garbage-first heap   total 131072K, used 19456K [0x0000000081600000, 0x0000000100000000)
  region size 1024K, 14 young (14336K), 0 survivors (0K)
 Metaspace       used 8159K, capacity 8343K, committed 8576K, reserved 1056768K
  class space    used 749K, capacity 820K, committed 896K, reserved 1048576K
}
Event: 0.782 GC heap after
{Heap after GC invocations=1 (full 0):
 garbage-first heap   total 131072K, used 7777K [0x0000000081600000, 0x0000000100000000)
  region size 1024K, 2 young (2048K), 2 survivors (2048K)
 Metaspace       used 8159K, capacity 8343K, committed 8576K, reserved 1056768K
  class space    used 749K, capacity 820K, committed 896K, reserved 1048576K
}
Event: 1.195 GC heap before
{Heap before GC invocations=1 (full 0):
 garbage-first heap   total 131072K, used 20065K [0x0000000081600000, 0x0000000100000000)
  region size 1024K, 14 young (14336K), 2 survivors (2048K)
 Metaspace       used 11665K, capacity 11881K, committed 12160K, reserved 1060864K
  class space    used 1290K, capacity 1365K, committed 1408K, reserved 1048576K
}
Event: 1.214 GC heap after
{Heap after GC invocations=2 (full 0):
 garbage-first heap   total 131072K, used 8904K [0x0000000081600000, 0x0000000100000000)
  region size 1024K, 1 young (1024K), 1 survivors (1024K)
 Metaspace       used 11665K, capacity 11881K, committed 12160K, reserved 1060864K
  class space    used 1290K, capacity 1365K, committed 1408K, reserved 1048576K
}
Event: 21.679 GC heap before
{Heap before GC invocations=2 (full 0):
 garbage-first heap   total 131072K, used 38600K [0x0000000081600000, 0x0000000100000000)
  region size 1024K, 30 young (30720K), 1 survivors (1024K)
 Metaspace       used 15860K, capacity 16176K, committed 16256K, reserved 1062912K
  class space    used 1790K, capacity 1907K, committed 1920K, reserved 1048576K
}
Event: 21.682 GC heap after
{Heap after GC invocations=3 (full 0):
 garbage-first heap   total 131072K, used 9627K [0x0000000081600000, 0x0000000100000000)
  region size 1024K, 2 young (2048K), 2 survivors (2048K)
 Metaspace       used 15860K, capacity 16176K, committed 16256K, reserved 1062912K
  class space    used 1790K, capacity 1907K, committed 1920K, reserved 1048576K
}
Event: 67.173 GC heap before
{Heap before GC invocations=3 (full 0):
 garbage-first heap   total 131072K, used 53659K [0x0000000081600000, 0x0000000100000000)
  region size 1024K, 45 young (46080K), 2 survivors (2048K)
 Metaspace       used 15983K, capacity 16246K, committed 16512K, reserved 1064960K
  class space    used 1791K, capacity 1908K, committed 1920K, reserved 1048576K
}
Event: 67.176 GC heap after
{Heap after GC invocations=4 (full 0):
 garbage-first heap   total 131072K, used 9649K [0x0000000081600000, 0x0000000100000000)
  region size 1024K, 2 young (2048K), 2 survivors (2048K)
 Metaspace       used 15983K, capacity 16246K, committed 16512K, reserved 1064960K
  class space    used 1791K, capacity 1908K, committed 1920K, reserved 1048576K
}
Event: 129.214 GC heap before
{Heap before GC invocations=4 (full 0):
 garbage-first heap   total 131072K, used 71089K [0x0000000081600000, 0x0000000100000000)
  region size 1024K, 62 young (63488K), 2 survivors (2048K)
 Metaspace       used 16086K, capacity 16438K, committed 16512K, reserved 1064960K
  class space    used 1791K, capacity 1908K, committed 1920K, reserved 1048576K
}
Event: 129.216 GC heap after
{Heap after GC invocations=5 (full 0):
 garbage-first heap   total 131072K, used 9782K [0x0000000081600000, 0x0000000100000000)
  region size 1024K, 2 young (2048K), 2 survivors (2048K)
 Metaspace       used 16086K, capacity 16438K, committed 16512K, reserved 1064960K
  class space    used 1791K, capacity 1908K, committed 1920K, reserved 1048576K
}
Event: 289.871 GC heap before
{Heap before GC invocations=5 (full 0):
 garbage-first heap   total 131072K, used 83510K [0x0000000081600000, 0x0000000100000000)
  region size 1024K, 74 young (75776K), 2 survivors (2048K)
 Metaspace       used 16253K, capacity 16566K, committed 16768K, reserved 1064960K
  class space    used 1793K, capacity 1908K, committed 1920K, reserved 1048576K
}
Event: 289.876 GC heap after
{Heap after GC invocations=6 (full 0):
 garbage-first heap   total 131072K, used 9987K [0x0000000081600000, 0x0000000100000000)
  region size 1024K, 2 young (2048K), 2 survivors (2048K)
 Metaspace       used 16253K, capacity 16566K, committed 16768K, reserved 1064960K
  class space    used 1793K, capacity 1908K, committed 1920K, reserved 1048576K
}
Event: 1083.337 GC heap before
{Heap before GC invocations=6 (full 0):
 garbage-first heap   total 131072K, used 85763K [0x0000000081600000, 0x0000000100000000)
  region size 1024K, 76 young (77824K), 2 survivors (2048K)
 Metaspace       used 16342K, capacity 16630K, committed 16768K, reserved 1064960K
  class space    used 1793K, capacity 1908K, committed 1920K, reserved 1048576K
}
Event: 1083.930 GC heap after
{Heap after GC invocations=7 (full 0):
 garbage-first heap   total 131072K, used 9918K [0x0000000081600000, 0x0000000100000000)
  region size 1024K, 2 young (2048K), 2 survivors (2048K)
 Metaspace       used 16342K, capacity 16630K, committed 16768K, reserved 1064960K
  class space    used 1793K, capacity 1908K, committed 1920K, reserved 1048576K
}

